<?xml version="1.0" encoding="utf-8"?><testsuites name="pytest tests"><testsuite name="pytest" errors="0" failures="2" skipped="0" tests="9" time="2.064" timestamp="2026-03-21T16:41:56.926552+00:00" hostname="agent-env-95beb79f-2dc8-4664-a561-e9771f1c5c2f"><testcase classname="backend.tests.test_refactoring_bugfixes.TestServicesOrder" name="test_public_services_sorted_by_sort_order" time="0.269"><failure message="AssertionError: Services not sorted by sort_order: [999, 999, 999, 999, 0, 1, 2, 3, 4, 6, 7, 8, 9, 10, 11, 12, 13, 14, 15, 16, 17]&#10;assert [999, 999, 99...99, 0, 1, ...] == [0, 1, 2, 3, 4, 6, ...]&#10;  &#10;  At index 0 diff: 999 != 0&#10;  &#10;  Full diff:&#10;    [&#10;  +     999,&#10;  +     999,...&#10;  &#10;  ...Full output truncated (24 lines hidden), use '-vv' to show">backend/tests/test_refactoring_bugfixes.py:27: in test_public_services_sorted_by_sort_order
    assert sort_orders == sorted(sort_orders), f"Services not sorted by sort_order: {sort_orders}"
E   AssertionError: Services not sorted by sort_order: [999, 999, 999, 999, 0, 1, 2, 3, 4, 6, 7, 8, 9, 10, 11, 12, 13, 14, 15, 16, 17]
E   assert [999, 999, 99...99, 0, 1, ...] == [0, 1, 2, 3, 4, 6, ...]
E     
E     At index 0 diff: 999 != 0
E     
E     Full diff:
E       [
E     +     999,
E     +     999,...
E     
E     ...Full output truncated (24 lines hidden), use '-vv' to show</failure></testcase><testcase classname="backend.tests.test_refactoring_bugfixes.TestServicesOrder" name="test_services_have_sort_order_field" time="0.148"><failure message="AssertionError: Service ondulazione/permanente missing sort_order&#10;assert ('sort_order' in {'category': 'modellanti', 'color': '#C084FC', 'created_at': '2026-03-10T14:59:37.111648+00:00', 'duration': 15, ...} or None is not None)&#10; +  where None = &lt;built-in method get of dict object at 0xff078eef1980&gt;('sort_order')&#10; +    where &lt;built-in method get of dict object at 0xff078eef1980&gt; = {'category': 'modellanti', 'color': '#C084FC', 'created_at': '2026-03-10T14:59:37.111648+00:00', 'duration': 15, ...}.get">backend/tests/test_refactoring_bugfixes.py:44: in test_services_have_sort_order_field
    assert 'sort_order' in svc or svc.get('sort_order') is not None, f"Service {svc.get('name')} missing sort_order"
E   AssertionError: Service ondulazione/permanente missing sort_order
E   assert ('sort_order' in {'category': 'modellanti', 'color': '#C084FC', 'created_at': '2026-03-10T14:59:37.111648+00:00', 'duration': 15, ...} or None is not None)
E    +  where None = &lt;built-in method get of dict object at 0xff078eef1980&gt;('sort_order')
E    +    where &lt;built-in method get of dict object at 0xff078eef1980&gt; = {'category': 'modellanti', 'color': '#C084FC', 'created_at': '2026-03-10T14:59:37.111648+00:00', 'duration': 15, ...}.get</failure></testcase><testcase classname="backend.tests.test_refactoring_bugfixes.TestAbbonamenti" name="test_public_website_returns_card_templates" time="0.133" /><testcase classname="backend.tests.test_refactoring_bugfixes.TestAbbonamenti" name="test_card_templates_count" time="0.105" /><testcase classname="backend.tests.test_refactoring_bugfixes.TestAutoAssignOperator" name="test_booking_without_operator_preference" time="0.340" /><testcase classname="backend.tests.test_refactoring_bugfixes.TestAutoAssignOperator" name="test_booking_with_partial_conflict_auto_assigns" time="0.451" /><testcase classname="backend.tests.test_refactoring_bugfixes.TestBusySlots" name="test_busy_slots_returns_operator_info" time="0.097" /><testcase classname="backend.tests.test_refactoring_bugfixes.TestPublicBookingEndpoint" name="test_booking_accepts_promo_id" time="0.212" /><testcase classname="backend.tests.test_refactoring_bugfixes.TestPublicBookingEndpoint" name="test_booking_accepts_card_template_id" time="0.232" /></testsuite></testsuites>