<?xml version="1.0" encoding="utf-8"?><testsuites name="pytest tests"><testsuite name="pytest" errors="0" failures="0" skipped="0" tests="12" time="2.746" timestamp="2026-03-18T10:05:55.817101+00:00" hostname="agent-env-13e3e11e-e0a8-47e3-95af-4baaad1299ed"><testcase classname="backend.tests.test_booking_refactoring.TestPublicServicesAndOperators" name="test_get_public_services_returns_list" time="0.215" /><testcase classname="backend.tests.test_booking_refactoring.TestPublicServicesAndOperators" name="test_get_public_operators_returns_list" time="0.137" /><testcase classname="backend.tests.test_booking_refactoring.TestBusySlotsEndpoint" name="test_busy_slots_returns_busy_data" time="0.126" /><testcase classname="backend.tests.test_booking_refactoring.TestBusySlotsEndpoint" name="test_busy_slots_empty_date" time="0.138" /><testcase classname="backend.tests.test_booking_refactoring.TestBookingConflictHandling" name="test_booking_conflict_returns_409" time="0.254" /><testcase classname="backend.tests.test_booking_refactoring.TestBookingConflictHandling" name="test_conflict_returns_available_operators" time="0.273" /><testcase classname="backend.tests.test_booking_refactoring.TestBookingConflictHandling" name="test_conflict_returns_alternative_slots" time="0.277" /><testcase classname="backend.tests.test_booking_refactoring.TestBookingConflictHandling" name="test_booking_success_free_slot" time="0.240" /><testcase classname="backend.tests.test_booking_refactoring.TestMyAppointmentsLookup" name="test_lookup_returns_list" time="0.387" /><testcase classname="backend.tests.test_booking_refactoring.TestMyAppointmentsLookup" name="test_lookup_unknown_phone_returns_empty" time="0.137" /><testcase classname="backend.tests.test_booking_refactoring.TestLoginEndpoint" name="test_login_success" time="0.365" /><testcase classname="backend.tests.test_booking_refactoring.TestLoginEndpoint" name="test_login_failure" time="0.125" /></testsuite></testsuites>