<?xml version="1.0" encoding="utf-8"?><testsuites name="pytest tests"><testsuite name="pytest" errors="0" failures="0" skipped="0" tests="12" time="6.155" timestamp="2026-03-29T14:19:26.403517+00:00" hostname="agent-env-42804efe-ff2b-4bc3-945a-63870ee91616"><testcase classname="backend.tests.test_iteration38_appointment_creation.TestAppointmentCreationBugFix" name="test_login_returns_access_token" time="0.895" /><testcase classname="backend.tests.test_iteration38_appointment_creation.TestAppointmentCreationBugFix" name="test_create_appointment_with_cliente_occasionale" time="0.525" /><testcase classname="backend.tests.test_iteration38_appointment_creation.TestAppointmentCreationBugFix" name="test_create_appointment_with_cliente_generico" time="0.521" /><testcase classname="backend.tests.test_iteration38_appointment_creation.TestAppointmentCreationBugFix" name="test_create_appointment_with_new_named_client" time="0.652" /><testcase classname="backend.tests.test_iteration38_appointment_creation.TestAppointmentCreationBugFix" name="test_create_appointment_with_existing_client_id" time="0.569" /><testcase classname="backend.tests.test_iteration38_appointment_creation.TestAppointmentCreationBugFix" name="test_create_appointment_error_no_client" time="0.503" /><testcase classname="backend.tests.test_iteration38_appointment_creation.TestAppointmentCreationBugFix" name="test_create_appointment_invalid_date_format" time="0.461" /><testcase classname="backend.tests.test_iteration38_appointment_creation.TestAppointmentCreationBugFix" name="test_create_appointment_with_null_promo_and_card" time="0.522" /><testcase classname="backend.tests.test_iteration38_appointment_creation.TestAppointmentCreationBugFix" name="test_get_appointments_by_date" time="0.575" /><testcase classname="backend.tests.test_iteration38_appointment_creation.TestCORSConfiguration" name="test_cors_allows_all_origins" time="0.085" /><testcase classname="backend.tests.test_iteration38_appointment_creation.TestServicesAndOperatorsEndpoints" name="test_get_services" time="0.377" /><testcase classname="backend.tests.test_iteration38_appointment_creation.TestServicesAndOperatorsEndpoints" name="test_get_operators" time="0.403" /></testsuite></testsuites>