<?xml version="1.0" encoding="utf-8"?><testsuites name="pytest tests"><testsuite name="pytest" errors="0" failures="0" skipped="0" tests="13" time="4.562" timestamp="2026-03-19T12:04:02.079985+00:00" hostname="agent-env-c56d0c93-5b06-4384-b777-3721ba398b54"><testcase classname="backend.tests.test_iteration10_features.TestAPIHealth" name="test_api_root" time="0.129" /><testcase classname="backend.tests.test_iteration10_features.TestAPIHealth" name="test_public_website_api" time="0.133" /><testcase classname="backend.tests.test_iteration10_features.TestPublicAPIs" name="test_public_services" time="0.138" /><testcase classname="backend.tests.test_iteration10_features.TestPublicAPIs" name="test_public_operators" time="0.107" /><testcase classname="backend.tests.test_iteration10_features.TestPublicAPIs" name="test_public_promotions" time="0.111" /><testcase classname="backend.tests.test_iteration10_features.TestAdminAuth" name="test_admin_login_success" time="0.329" /><testcase classname="backend.tests.test_iteration10_features.TestAdminAuth" name="test_protected_endpoint_requires_auth" time="0.117" /><testcase classname="backend.tests.test_iteration10_features.TestWebsiteConfigAPI" name="test_get_website_config" time="0.438" /><testcase classname="backend.tests.test_iteration10_features.TestWebsiteConfigAPI" name="test_update_website_config_with_section_order" time="0.747" /><testcase classname="backend.tests.test_iteration10_features.TestWebsiteConfigAPI" name="test_section_order_reorder" time="0.881" /><testcase classname="backend.tests.test_iteration10_features.TestWebsiteGalleryAPI" name="test_get_gallery" time="0.471" /><testcase classname="backend.tests.test_iteration10_features.TestWebsiteReviewsAPI" name="test_get_reviews" time="0.438" /><testcase classname="backend.tests.test_iteration10_features.TestNavConfig" name="test_get_nav_config" time="0.469" /></testsuite></testsuites>