<?xml version="1.0" encoding="utf-8"?><testsuites name="pytest tests"><testsuite name="pytest" errors="0" failures="0" skipped="0" tests="16" time="2.157" timestamp="2026-04-04T11:53:45.939116+00:00" hostname="agent-env-42804efe-ff2b-4bc3-945a-63870ee91616"><testcase classname="backend.tests.test_new_features.TestClientHistoryEndpoint" name="test_client_history_returns_200" time="0.489" /><testcase classname="backend.tests.test_new_features.TestClientHistoryEndpoint" name="test_client_history_response_structure" time="0.114" /><testcase classname="backend.tests.test_new_features.TestClientHistoryEndpoint" name="test_client_history_invalid_client_returns_404" time="0.099" /><testcase classname="backend.tests.test_new_features.TestClientHistoryEndpoint" name="test_client_history_without_auth_returns_401_or_403" time="0.096" /><testcase classname="backend.tests.test_new_features.TestClientWhatsAppEndpoint" name="test_client_whatsapp_returns_200" time="0.111" /><testcase classname="backend.tests.test_new_features.TestClientWhatsAppEndpoint" name="test_client_whatsapp_response_structure" time="0.145" /><testcase classname="backend.tests.test_new_features.TestClientWhatsAppEndpoint" name="test_client_whatsapp_invalid_client_returns_404" time="0.109" /><testcase classname="backend.tests.test_new_features.TestClientWhatsAppEndpoint" name="test_client_whatsapp_without_auth_returns_401_or_403" time="0.101" /><testcase classname="backend.tests.test_new_features.TestThankYouTemplateEndpoint" name="test_thank_you_template_returns_200" time="0.112" /><testcase classname="backend.tests.test_new_features.TestThankYouTemplateEndpoint" name="test_thank_you_template_response_structure" time="0.096" /><testcase classname="backend.tests.test_new_features.TestThankYouTemplateEndpoint" name="test_thank_you_template_contains_placeholder" time="0.097" /><testcase classname="backend.tests.test_new_features.TestThankYouTemplateEndpoint" name="test_thank_you_template_without_auth_returns_401_or_403" time="0.108" /><testcase classname="backend.tests.test_new_features.TestRemindersTemplates" name="test_templates_list_includes_thank_you" time="0.095" /><testcase classname="backend.tests.test_new_features.TestRemindersTemplates" name="test_templates_have_required_fields" time="0.101" /><testcase classname="backend.tests.test_new_features.TestClientEndpoints" name="test_get_client_by_id" time="0.107" /><testcase classname="backend.tests.test_new_features.TestClientEndpoints" name="test_get_clients_list" time="0.092" /></testsuite></testsuites>