<?xml version="1.0" encoding="utf-8"?><testsuites name="pytest tests"><testsuite name="pytest" errors="0" failures="1" skipped="0" tests="15" time="4.616" timestamp="2026-03-19T11:24:47.464896+00:00" hostname="agent-env-c56d0c93-5b06-4384-b777-3721ba398b54"><testcase classname="tests.test_salon_iteration9.TestPublicEndpoints" name="test_public_website_config" time="0.256" /><testcase classname="tests.test_salon_iteration9.TestPublicEndpoints" name="test_public_services" time="0.155" /><testcase classname="tests.test_salon_iteration9.TestPublicEndpoints" name="test_public_operators" time="0.094" /><testcase classname="tests.test_salon_iteration9.TestPublicEndpoints" name="test_public_promotions" time="0.110" /><testcase classname="tests.test_salon_iteration9.TestAuthentication" name="test_login_success" time="0.359" /><testcase classname="tests.test_salon_iteration9.TestAuthentication" name="test_login_invalid_credentials" time="0.103" /><testcase classname="tests.test_salon_iteration9.TestAuthentication" name="test_protected_endpoint_without_auth" time="0.131"><failure message="assert 403 == 401&#10; +  where 403 = &lt;Response [403]&gt;.status_code">tests/test_salon_iteration9.py:98: in test_protected_endpoint_without_auth
    assert response.status_code == 401
E   assert 403 == 401
E    +  where 403 = &lt;Response [403]&gt;.status_code</failure></testcase><testcase classname="tests.test_salon_iteration9.TestAuthenticatedAPIs" name="test_nav_config_get" time="0.438" /><testcase classname="tests.test_salon_iteration9.TestAuthenticatedAPIs" name="test_nav_config_save" time="0.544" /><testcase classname="tests.test_salon_iteration9.TestAuthenticatedAPIs" name="test_appointments_get" time="0.480" /><testcase classname="tests.test_salon_iteration9.TestAuthenticatedAPIs" name="test_clients_list" time="0.449" /><testcase classname="tests.test_salon_iteration9.TestAuthenticatedAPIs" name="test_services_list" time="0.442" /><testcase classname="tests.test_salon_iteration9.TestAuthenticatedAPIs" name="test_operators_list" time="0.424" /><testcase classname="tests.test_salon_iteration9.TestAuthenticatedAPIs" name="test_dashboard_stats" time="0.435" /><testcase classname="tests.test_salon_iteration9.TestGalleryAPI" name="test_gallery_files_no_limit" time="0.111" /></testsuite></testsuites>