<?xml version="1.0" encoding="utf-8"?><testsuites name="pytest tests"><testsuite name="pytest" errors="0" failures="0" skipped="0" tests="12" time="2.555" timestamp="2026-03-28T14:23:57.470687+00:00" hostname="agent-env-42804efe-ff2b-4bc3-945a-63870ee91616"><testcase classname="tests.test_blocked_slots_booking.TestBlockedSlotsAPI" name="test_blocked_slots_monday_returns_lunch_break" time="0.139" /><testcase classname="tests.test_blocked_slots_booking.TestBlockedSlotsAPI" name="test_blocked_slots_saturday_returns_empty" time="0.106" /><testcase classname="tests.test_blocked_slots_booking.TestBlockedSlotsAPI" name="test_blocked_slots_tuesday_returns_empty" time="0.110" /><testcase classname="tests.test_blocked_slots_booking.TestBlockedSlotsAPI" name="test_blocked_slots_invalid_date_returns_empty" time="0.105" /><testcase classname="tests.test_blocked_slots_booking.TestPublicServicesAndOperators" name="test_public_services_endpoint" time="0.101" /><testcase classname="tests.test_blocked_slots_booking.TestPublicServicesAndOperators" name="test_public_operators_endpoint" time="0.104" /><testcase classname="tests.test_blocked_slots_booking.TestPublicServicesAndOperators" name="test_public_website_config" time="0.119" /><testcase classname="tests.test_blocked_slots_booking.TestBookingFlow" name="test_booking_with_valid_data" time="0.258" /><testcase classname="tests.test_blocked_slots_booking.TestBookingFlow" name="test_booking_on_closed_day_should_fail" time="0.239" /><testcase classname="tests.test_blocked_slots_booking.TestAdminBlockedSlotsManagement" name="test_get_blocked_slots_authenticated" time="0.447" /><testcase classname="tests.test_blocked_slots_booking.TestAdminBlockedSlotsManagement" name="test_create_one_time_blocked_slot" time="0.663" /><testcase classname="tests.test_blocked_slots_booking.TestAdminBlockedSlotsManagement" name="test_blocked_slots_requires_auth" time="0.096" /></testsuite></testsuites>