<?xml version="1.0" encoding="utf-8"?><testsuites name="pytest tests"><testsuite name="pytest" errors="0" failures="0" skipped="0" tests="15" time="2.950" timestamp="2026-03-17T11:01:52.795724+00:00" hostname="agent-env-6802dc90-62d4-4a05-b5aa-ce0a6a9e16ba"><testcase classname="tests.test_design_features.TestAuthEndpoints" name="test_login_success" time="0.598" /><testcase classname="tests.test_design_features.TestPublicWebsiteEndpoint" name="test_public_website_returns_config" time="0.112" /><testcase classname="tests.test_design_features.TestPublicWebsiteEndpoint" name="test_public_website_has_design_fields" time="0.106" /><testcase classname="tests.test_design_features.TestPublicWebsiteEndpoint" name="test_public_website_color_format" time="0.113" /><testcase classname="tests.test_design_features.TestPublicWebsiteEndpoint" name="test_public_website_returns_reviews" time="0.152" /><testcase classname="tests.test_design_features.TestPublicWebsiteEndpoint" name="test_public_website_returns_gallery" time="0.107" /><testcase classname="tests.test_design_features.TestWebsiteConfigEndpoints" name="test_get_website_config_requires_auth" time="0.140" /><testcase classname="tests.test_design_features.TestWebsiteConfigEndpoints" name="test_get_website_config_with_auth" time="0.431" /><testcase classname="tests.test_design_features.TestWebsiteConfigEndpoints" name="test_config_has_design_fields" time="0.139" /><testcase classname="tests.test_design_features.TestWebsiteConfigEndpoints" name="test_update_website_config_requires_auth" time="0.112" /><testcase classname="tests.test_design_features.TestWebsiteConfigEndpoints" name="test_update_color_and_persist" time="0.270" /><testcase classname="tests.test_design_features.TestWebsiteConfigEndpoints" name="test_update_font_and_persist" time="0.273" /><testcase classname="tests.test_design_features.TestDefaultConfigValues" name="test_default_colors_match_expected" time="0.101" /><testcase classname="tests.test_design_features.TestDefaultConfigValues" name="test_default_fonts_match_expected" time="0.106" /><testcase classname="tests.test_design_features.TestPublicServicesEndpoint" name="test_public_services_returns_list" time="0.108" /></testsuite></testsuites>