<?xml version="1.0" encoding="utf-8"?><testsuites name="pytest tests"><testsuite name="pytest" errors="0" failures="0" skipped="0" tests="11" time="3.660" timestamp="2026-03-25T07:33:36.492865+00:00" hostname="agent-env-7a4785a3-bff0-4812-be5d-d3d5791c633d"><testcase classname="backend.tests.test_section_reordering.TestPublicWebsiteConfig" name="test_public_website_returns_section_order" time="0.191" /><testcase classname="backend.tests.test_section_reordering.TestPublicWebsiteConfig" name="test_public_website_config_structure" time="0.132" /><testcase classname="backend.tests.test_section_reordering.TestAdminAuthentication" name="test_admin_login_success" time="0.334" /><testcase classname="backend.tests.test_section_reordering.TestAdminAuthentication" name="test_admin_login_wrong_password" time="0.384" /><testcase classname="backend.tests.test_section_reordering.TestWebsiteConfigAPI" name="test_get_website_config_authenticated" time="0.423" /><testcase classname="backend.tests.test_section_reordering.TestWebsiteConfigAPI" name="test_update_section_order" time="0.747" /><testcase classname="backend.tests.test_section_reordering.TestWebsiteConfigAPI" name="test_update_hidden_sections" time="0.640" /><testcase classname="backend.tests.test_section_reordering.TestPublicSiteRendering" name="test_public_site_loads" time="0.099" /><testcase classname="backend.tests.test_section_reordering.TestPublicSiteRendering" name="test_public_api_section_order_reflects_in_config" time="0.101" /><testcase classname="backend.tests.test_section_reordering.TestSectionOrderValidation" name="test_section_order_contains_all_sections" time="0.432" /><testcase classname="backend.tests.test_section_reordering.TestSectionOrderValidation" name="test_default_section_order" time="0.110" /></testsuite></testsuites>