<?xml version="1.0" encoding="utf-8"?><testsuites name="pytest tests"><testsuite name="pytest" errors="0" failures="1" skipped="0" tests="12" time="1.937" timestamp="2026-03-16T10:17:38.466342+00:00" hostname="agent-env-d0cee7ff-bd21-492a-a698-005f04ba2c28"><testcase classname="backend.tests.test_routing_iteration2.TestPublicAPI" name="test_api_root" time="0.202" /><testcase classname="backend.tests.test_routing_iteration2.TestPublicAPI" name="test_public_website_data" time="0.119" /><testcase classname="backend.tests.test_routing_iteration2.TestPublicAPI" name="test_public_services" time="0.113" /><testcase classname="backend.tests.test_routing_iteration2.TestPublicAPI" name="test_public_operators" time="0.154" /><testcase classname="backend.tests.test_routing_iteration2.TestPublicAPI" name="test_public_promotions" time="0.113" /><testcase classname="backend.tests.test_routing_iteration2.TestAuthentication" name="test_login_with_valid_credentials" time="0.339" /><testcase classname="backend.tests.test_routing_iteration2.TestAuthentication" name="test_login_with_invalid_credentials" time="0.140" /><testcase classname="backend.tests.test_routing_iteration2.TestAuthentication" name="test_protected_route_without_auth" time="0.217"><failure message="assert 403 == 401&#10; +  where 403 = &lt;Response [403]&gt;.status_code">backend/tests/test_routing_iteration2.py:87: in test_protected_route_without_auth
    assert response.status_code == 401
E   assert 403 == 401
E    +  where 403 = &lt;Response [403]&gt;.status_code</failure></testcase><testcase classname="backend.tests.test_routing_iteration2.TestFrontendRoutes" name="test_root_returns_html" time="0.140" /><testcase classname="backend.tests.test_routing_iteration2.TestFrontendRoutes" name="test_login_page" time="0.117" /><testcase classname="backend.tests.test_routing_iteration2.TestFrontendRoutes" name="test_sito_redirects_to_root" time="0.100" /><testcase classname="backend.tests.test_routing_iteration2.TestFrontendRoutes" name="test_prenota_redirects_to_root" time="0.102" /></testsuite></testsuites>