<?xml version="1.0" encoding="utf-8"?><testsuites name="pytest tests"><testsuite name="pytest" errors="0" failures="2" skipped="1" tests="13" time="3.505" timestamp="2026-03-21T13:36:54.281862+00:00" hostname="agent-env-c8113328-f4d9-4627-8296-b562d34a6cb8"><testcase classname="backend.tests.test_iteration19_features.TestPublicWebsiteConfig" name="test_public_website_returns_config_with_primary_color" time="0.308" /><testcase classname="backend.tests.test_iteration19_features.TestPublicWebsiteConfig" name="test_public_website_returns_card_templates" time="0.118" /><testcase classname="backend.tests.test_iteration19_features.TestPublicWebsiteConfig" name="test_public_website_returns_promos" time="0.123" /><testcase classname="backend.tests.test_iteration19_features.TestPublicServices" name="test_public_services_returns_list" time="0.108" /><testcase classname="backend.tests.test_iteration19_features.TestPublicOperators" name="test_public_operators_returns_list" time="0.154" /><testcase classname="backend.tests.test_iteration19_features.TestBusySlots" name="test_busy_slots_returns_structure" time="0.162" /><testcase classname="backend.tests.test_iteration19_features.TestBookingConflictFlow" name="test_booking_conflict_returns_409_with_details" time="0.357" /><testcase classname="backend.tests.test_iteration19_features.TestBookingConflictFlow" name="test_conflict_alternative_slots_have_correct_structure" time="0.334" /><testcase classname="backend.tests.test_iteration19_features.TestObjectStorage" name="test_upload_endpoint_exists" time="0.454" /><testcase classname="backend.tests.test_iteration19_features.TestObjectStorage" name="test_upload_image_file" time="0.425"><failure message="AssertionError: Upload failed: {&quot;detail&quot;:&quot;Token non valido&quot;}&#10;assert 401 == 200&#10; +  where 401 = &lt;Response [401]&gt;.status_code">backend/tests/test_iteration19_features.py:297: in test_upload_image_file
    assert response.status_code == 200, f"Upload failed: {response.text}"
E   AssertionError: Upload failed: {"detail":"Token non valido"}
E   assert 401 == 200
E    +  where 401 = &lt;Response [401]&gt;.status_code</failure></testcase><testcase classname="backend.tests.test_iteration19_features.TestObjectStorage" name="test_serve_uploaded_file" time="0.432"><skipped type="pytest.skip" message="Upload failed, cannot test serve: {&quot;detail&quot;:&quot;Token non valido&quot;}">/app/backend/tests/test_iteration19_features.py:330: Upload failed, cannot test serve: {"detail":"Token non valido"}</skipped></testcase><testcase classname="backend.tests.test_iteration19_features.TestObjectStorage" name="test_serve_nonexistent_file_returns_404" time="0.103" /><testcase classname="backend.tests.test_iteration19_features.TestAdminAuth" name="test_admin_login" time="0.320"><failure message="AssertionError: Missing token in login response: {'access_token': 'eyJhbGciOiJIUzI1NiIsInR5cCI6IkpXVCJ9.eyJzdWIiOiI4ZmNiOGVlNC1hNmJhLTQ4NWQtYmM2My1lYmI1NWY3MTFkYzIiLCJleHAiOjE3NzQxODY2MTcsImlhdCI6MTc3NDEwMDIxN30.d4ByzIhtLnQEObPvC7n5GNcUL893JIF1oeFqEJ5U6SE', 'token_type': 'bearer', 'user': {'id': '8fcb8ee4-a6ba-485d-bc63-ebb55f711dc2', 'email': 'admin@brunomelito.it', 'name': 'Bruno Melito', 'salon_name': 'Bruno Melito Hair', 'created_at': '2026-03-05T16:06:01.117819+00:00'}}&#10;assert 'token' in {'access_token': 'eyJhbGciOiJIUzI1NiIsInR5cCI6IkpXVCJ9.eyJzdWIiOiI4ZmNiOGVlNC1hNmJhLTQ4NWQtYmM2My1lYmI1NWY3MTFkYzIiLCJleHAiOjE3NzQxODY2MTcsImlhdCI6MTc3NDEwMDIxN30.d4ByzIhtLnQEObPvC7n5GNcUL893JIF1oeFqEJ5U6SE', 'token_type': 'bearer', 'user': {'created_at': '2026-03-05T16:06:01.117819+00:00', 'email': 'admin@brunomelito.it', 'id': '8fcb8ee4-a6ba-485d-bc63-ebb55f711dc2', 'name': 'Bruno Melito', ...}}">backend/tests/test_iteration19_features.py:368: in test_admin_login
    assert "token" in data, f"Missing token in login response: {data}"
E   AssertionError: Missing token in login response: {'access_token': 'eyJhbGciOiJIUzI1NiIsInR5cCI6IkpXVCJ9.eyJzdWIiOiI4ZmNiOGVlNC1hNmJhLTQ4NWQtYmM2My1lYmI1NWY3MTFkYzIiLCJleHAiOjE3NzQxODY2MTcsImlhdCI6MTc3NDEwMDIxN30.d4ByzIhtLnQEObPvC7n5GNcUL893JIF1oeFqEJ5U6SE', 'token_type': 'bearer', 'user': {'id': '8fcb8ee4-a6ba-485d-bc63-ebb55f711dc2', 'email': 'admin@brunomelito.it', 'name': 'Bruno Melito', 'salon_name': 'Bruno Melito Hair', 'created_at': '2026-03-05T16:06:01.117819+00:00'}}
E   assert 'token' in {'access_token': 'eyJhbGciOiJIUzI1NiIsInR5cCI6IkpXVCJ9.eyJzdWIiOiI4ZmNiOGVlNC1hNmJhLTQ4NWQtYmM2My1lYmI1NWY3MTFkYzIiLCJleHAiOjE3NzQxODY2MTcsImlhdCI6MTc3NDEwMDIxN30.d4ByzIhtLnQEObPvC7n5GNcUL893JIF1oeFqEJ5U6SE', 'token_type': 'bearer', 'user': {'created_at': '2026-03-05T16:06:01.117819+00:00', 'email': 'admin@brunomelito.it', 'id': '8fcb8ee4-a6ba-485d-bc63-ebb55f711dc2', 'name': 'Bruno Melito', ...}}</failure></testcase></testsuite></testsuites>