<?xml version="1.0" encoding="utf-8"?><testsuites name="pytest tests"><testsuite name="pytest" errors="0" failures="0" skipped="0" tests="43" time="5.524" timestamp="2026-03-19T15:52:20.425899+00:00" hostname="agent-env-409e7833-0fbb-41a5-9331-1a448c570d2e"><testcase classname="backend.tests.test_pwa_iteration13.TestManifestJson" name="test_manifest_returns_200" time="0.169" /><testcase classname="backend.tests.test_pwa_iteration13.TestManifestJson" name="test_manifest_content_type" time="0.113" /><testcase classname="backend.tests.test_pwa_iteration13.TestManifestJson" name="test_manifest_name" time="0.127" /><testcase classname="backend.tests.test_pwa_iteration13.TestManifestJson" name="test_manifest_start_url" time="0.111" /><testcase classname="backend.tests.test_pwa_iteration13.TestManifestJson" name="test_manifest_display_standalone" time="0.109" /><testcase classname="backend.tests.test_pwa_iteration13.TestManifestJson" name="test_manifest_theme_color_gold" time="0.107" /><testcase classname="backend.tests.test_pwa_iteration13.TestManifestJson" name="test_manifest_background_color_dark" time="0.119" /><testcase classname="backend.tests.test_pwa_iteration13.TestManifestJson" name="test_manifest_has_9_icons" time="0.141" /><testcase classname="backend.tests.test_pwa_iteration13.TestServiceWorker" name="test_sw_returns_200" time="0.108" /><testcase classname="backend.tests.test_pwa_iteration13.TestServiceWorker" name="test_sw_content_type" time="0.139" /><testcase classname="backend.tests.test_pwa_iteration13.TestServiceWorker" name="test_sw_has_cache_name" time="0.105" /><testcase classname="backend.tests.test_pwa_iteration13.TestServiceWorker" name="test_sw_has_install_listener" time="0.097" /><testcase classname="backend.tests.test_pwa_iteration13.TestServiceWorker" name="test_sw_has_fetch_listener" time="0.114" /><testcase classname="backend.tests.test_pwa_iteration13.TestOfflineHtml" name="test_offline_returns_200" time="0.109" /><testcase classname="backend.tests.test_pwa_iteration13.TestOfflineHtml" name="test_offline_content_type" time="0.111" /><testcase classname="backend.tests.test_pwa_iteration13.TestOfflineHtml" name="test_offline_has_branding" time="0.106" /><testcase classname="backend.tests.test_pwa_iteration13.TestOfflineHtml" name="test_offline_has_sei_offline_title" time="0.103" /><testcase classname="backend.tests.test_pwa_iteration13.TestOfflineHtml" name="test_offline_has_dark_background" time="0.110" /><testcase classname="backend.tests.test_pwa_iteration13.TestOfflineHtml" name="test_offline_has_gold_theme_color" time="0.310" /><testcase classname="backend.tests.test_pwa_iteration13.TestPwaIcons" name="test_icon_returns_200[72x72]" time="0.127" /><testcase classname="backend.tests.test_pwa_iteration13.TestPwaIcons" name="test_icon_returns_200[96x96]" time="0.108" /><testcase classname="backend.tests.test_pwa_iteration13.TestPwaIcons" name="test_icon_returns_200[128x128]" time="0.116" /><testcase classname="backend.tests.test_pwa_iteration13.TestPwaIcons" name="test_icon_returns_200[144x144]" time="0.113" /><testcase classname="backend.tests.test_pwa_iteration13.TestPwaIcons" name="test_icon_returns_200[152x152]" time="0.147" /><testcase classname="backend.tests.test_pwa_iteration13.TestPwaIcons" name="test_icon_returns_200[192x192]" time="0.120" /><testcase classname="backend.tests.test_pwa_iteration13.TestPwaIcons" name="test_icon_returns_200[384x384]" time="0.153" /><testcase classname="backend.tests.test_pwa_iteration13.TestPwaIcons" name="test_icon_returns_200[512x512]" time="0.137" /><testcase classname="backend.tests.test_pwa_iteration13.TestPwaIcons" name="test_icon_is_png[72x72]" time="0.106" /><testcase classname="backend.tests.test_pwa_iteration13.TestPwaIcons" name="test_icon_is_png[96x96]" time="0.105" /><testcase classname="backend.tests.test_pwa_iteration13.TestPwaIcons" name="test_icon_is_png[128x128]" time="0.234" /><testcase classname="backend.tests.test_pwa_iteration13.TestPwaIcons" name="test_icon_is_png[144x144]" time="0.113" /><testcase classname="backend.tests.test_pwa_iteration13.TestPwaIcons" name="test_icon_is_png[152x152]" time="0.124" /><testcase classname="backend.tests.test_pwa_iteration13.TestPwaIcons" name="test_icon_is_png[192x192]" time="0.108" /><testcase classname="backend.tests.test_pwa_iteration13.TestPwaIcons" name="test_icon_is_png[384x384]" time="0.123" /><testcase classname="backend.tests.test_pwa_iteration13.TestPwaIcons" name="test_icon_is_png[512x512]" time="0.154" /><testcase classname="backend.tests.test_pwa_iteration13.TestManifestGestionale" name="test_manifest_gestionale_returns_200" time="0.161" /><testcase classname="backend.tests.test_pwa_iteration13.TestManifestGestionale" name="test_manifest_gestionale_theme_color" time="0.099" /><testcase classname="backend.tests.test_pwa_iteration13.TestManifestGestionale" name="test_manifest_gestionale_background_color" time="0.105" /><testcase classname="backend.tests.test_pwa_iteration13.TestMainPageMetaTags" name="test_main_page_loads" time="0.100" /><testcase classname="backend.tests.test_pwa_iteration13.TestMainPageMetaTags" name="test_main_page_has_theme_color_meta" time="0.109" /><testcase classname="backend.tests.test_pwa_iteration13.TestMainPageMetaTags" name="test_main_page_has_manifest_link" time="0.120" /><testcase classname="backend.tests.test_pwa_iteration13.TestMainPageMetaTags" name="test_main_page_has_apple_web_app_capable" time="0.117" /><testcase classname="backend.tests.test_pwa_iteration13.TestMainPageMetaTags" name="test_main_page_has_apple_touch_icon" time="0.133" /></testsuite></testsuites>