<?xml version="1.0" encoding="utf-8"?><testsuites name="pytest tests"><testsuite name="pytest" errors="0" failures="0" skipped="0" tests="14" time="3.685" timestamp="2026-03-19T16:12:07.017649+00:00" hostname="agent-env-409e7833-0fbb-41a5-9331-1a448c570d2e"><testcase classname="tests.test_iteration15_models_refactoring.TestHealthAndModels" name="test_api_health_check" time="0.207" /><testcase classname="tests.test_iteration15_models_refactoring.TestHealthAndModels" name="test_models_import_usercreate" time="0.157" /><testcase classname="tests.test_iteration15_models_refactoring.TestHealthAndModels" name="test_models_import_appointmentcreate" time="0.000" /><testcase classname="tests.test_iteration15_models_refactoring.TestHealthAndModels" name="test_models_import_prepaidcardcreate" time="0.000" /><testcase classname="tests.test_iteration15_models_refactoring.TestAuthentication" name="test_login_success" time="0.359" /><testcase classname="tests.test_iteration15_models_refactoring.TestAuthentication" name="test_login_invalid_credentials" time="0.163" /><testcase classname="tests.test_iteration15_models_refactoring.TestPublicEndpoints" name="test_public_services" time="0.130" /><testcase classname="tests.test_iteration15_models_refactoring.TestPublicEndpoints" name="test_public_operators" time="0.122" /><testcase classname="tests.test_iteration15_models_refactoring.TestPublicEndpoints" name="test_public_website" time="0.152" /><testcase classname="tests.test_iteration15_models_refactoring.TestProtectedEndpoints" name="test_get_services_authenticated" time="0.461" /><testcase classname="tests.test_iteration15_models_refactoring.TestProtectedEndpoints" name="test_get_clients_authenticated" time="0.442" /><testcase classname="tests.test_iteration15_models_refactoring.TestProtectedEndpoints" name="test_get_operators_authenticated" time="0.472" /><testcase classname="tests.test_iteration15_models_refactoring.TestProtectedEndpoints" name="test_get_nav_config_authenticated" time="0.483" /><testcase classname="tests.test_iteration15_models_refactoring.TestProtectedEndpoints" name="test_get_admin_theme_authenticated" time="0.478" /></testsuite></testsuites>