<?xml version="1.0" encoding="utf-8"?><testsuites name="pytest tests"><testsuite name="pytest" errors="0" failures="0" skipped="0" tests="17" time="6.142" timestamp="2026-03-29T04:39:13.751753+00:00" hostname="agent-env-42804efe-ff2b-4bc3-945a-63870ee91616"><testcase classname="test_iteration34_upselling_gestione.TestPrenotaRedirect" name="test_prenota_returns_200" time="0.242" /><testcase classname="test_iteration34_upselling_gestione.TestPrenotaRedirect" name="test_sito_returns_200" time="0.097" /><testcase classname="test_iteration34_upselling_gestione.TestUpsellingAPI" name="test_get_upselling_suggestions_with_trigger_service" time="0.099" /><testcase classname="test_iteration34_upselling_gestione.TestUpsellingAPI" name="test_upselling_discount_is_15_percent" time="0.118" /><testcase classname="test_iteration34_upselling_gestione.TestAddServiceToAppointment" name="test_add_upselling_service_success" time="0.211" /><testcase classname="test_iteration34_upselling_gestione.TestAddServiceToAppointment" name="test_add_upselling_service_wrong_phone" time="0.303" /><testcase classname="test_iteration34_upselling_gestione.TestGestioneSitoSave" name="test_get_website_config" time="0.426" /><testcase classname="test_iteration34_upselling_gestione.TestGestioneSitoSave" name="test_save_general_tab" time="0.625" /><testcase classname="test_iteration34_upselling_gestione.TestGestioneSitoSave" name="test_save_upselling_tab" time="0.769" /><testcase classname="test_iteration34_upselling_gestione.TestGestioneSitoSave" name="test_save_layout_tab" time="0.758" /><testcase classname="test_iteration34_upselling_gestione.TestGestioneSitoSave" name="test_save_aspetto_tab" time="0.774" /><testcase classname="test_iteration34_upselling_gestione.TestGestioneSitoSave" name="test_save_hours_contacts_tab" time="0.802" /><testcase classname="test_iteration34_upselling_gestione.TestGestioneSitoSave" name="test_upselling_rules_structure" time="0.444" /><testcase classname="test_iteration34_upselling_gestione.TestFullBookingFlowWithUpselling" name="test_public_services_available" time="0.105" /><testcase classname="test_iteration34_upselling_gestione.TestFullBookingFlowWithUpselling" name="test_public_operators_available" time="0.096" /><testcase classname="test_iteration34_upselling_gestione.TestFullBookingFlowWithUpselling" name="test_public_website_data" time="0.105" /><testcase classname="test_iteration34_upselling_gestione.TestFullBookingFlowWithUpselling" name="test_booking_creates_appointment" time="0.101" /></testsuite></testsuites>