<?xml version="1.0" encoding="utf-8"?><testsuites name="pytest tests"><testsuite name="pytest" errors="0" failures="0" skipped="0" tests="11" time="3.108" timestamp="2026-03-26T15:47:12.056391+00:00" hostname="agent-env-8122f567-6c81-4bfc-905f-72ddc53df588"><testcase classname="backend.tests.test_upselling_feature.TestUpsellingAPI" name="test_get_upselling_suggestions_with_trigger_service" time="0.130" /><testcase classname="backend.tests.test_upselling_feature.TestUpsellingAPI" name="test_get_upselling_suggestions_no_trigger" time="0.146" /><testcase classname="backend.tests.test_upselling_feature.TestUpsellingAPI" name="test_get_upselling_suggestions_empty_service_ids" time="0.188" /><testcase classname="backend.tests.test_upselling_feature.TestUpsellingAPI" name="test_upselling_discount_percentage" time="0.125" /><testcase classname="backend.tests.test_upselling_feature.TestAddServiceToAppointment" name="test_add_upselling_service_success" time="0.494" /><testcase classname="backend.tests.test_upselling_feature.TestAddServiceToAppointment" name="test_add_upselling_service_wrong_phone" time="0.642" /><testcase classname="backend.tests.test_upselling_feature.TestAddServiceToAppointment" name="test_add_upselling_service_invalid_appointment" time="0.113" /><testcase classname="backend.tests.test_upselling_feature.TestAddServiceToAppointment" name="test_add_upselling_service_missing_fields" time="0.124" /><testcase classname="backend.tests.test_upselling_feature.TestWebsiteConfigUpselling" name="test_get_website_config_has_upselling" time="0.458" /><testcase classname="backend.tests.test_upselling_feature.TestWebsiteConfigUpselling" name="test_upselling_rule_structure" time="0.519" /><testcase classname="backend.tests.test_upselling_feature.TestPublicServicesAPI" name="test_get_public_services" time="0.112" /></testsuite></testsuites>