<?xml version="1.0" encoding="utf-8"?><testsuites name="pytest tests"><testsuite name="pytest" errors="0" failures="1" skipped="0" tests="11" time="1.933" timestamp="2026-03-21T13:17:10.582895+00:00" hostname="agent-env-c8113328-f4d9-4627-8296-b562d34a6cb8"><testcase classname="backend.tests.test_card_templates_booking.TestPublicWebsiteEndpoint" name="test_public_website_returns_card_templates" time="0.291" /><testcase classname="backend.tests.test_card_templates_booking.TestPublicWebsiteEndpoint" name="test_public_website_card_templates_structure" time="0.102" /><testcase classname="backend.tests.test_card_templates_booking.TestPublicWebsiteEndpoint" name="test_public_website_returns_promos" time="0.118" /><testcase classname="backend.tests.test_card_templates_booking.TestPublicBookingEndpoint" name="test_booking_accepts_promo_id_field" time="0.260" /><testcase classname="backend.tests.test_card_templates_booking.TestPublicBookingEndpoint" name="test_booking_accepts_card_template_id_field" time="0.264" /><testcase classname="backend.tests.test_card_templates_booking.TestCardTemplatesAdminEndpoint" name="test_card_templates_endpoint_exists" time="0.097"><failure message="AssertionError: Card templates endpoint should exist, got 403&#10;assert 403 in [200, 401]&#10; +  where 403 = &lt;Response [403]&gt;.status_code">backend/tests/test_card_templates_booking.py:124: in test_card_templates_endpoint_exists
    assert response.status_code in [200, 401], f"Card templates endpoint should exist, got {response.status_code}"
E   AssertionError: Card templates endpoint should exist, got 403
E   assert 403 in [200, 401]
E    +  where 403 = &lt;Response [403]&gt;.status_code</failure></testcase><testcase classname="backend.tests.test_card_templates_booking.TestCardTemplatesAdminEndpoint" name="test_card_templates_returns_list" time="0.103" /><testcase classname="backend.tests.test_card_templates_booking.TestPublicServicesAndOperators" name="test_public_services_endpoint" time="0.110" /><testcase classname="backend.tests.test_card_templates_booking.TestPublicServicesAndOperators" name="test_public_operators_endpoint" time="0.185" /><testcase classname="backend.tests.test_card_templates_booking.TestPublicServicesAndOperators" name="test_public_busy_slots_endpoint" time="0.102" /><testcase classname="backend.tests.test_card_templates_booking.TestBookingModelValidation" name="test_booking_with_all_optional_fields" time="0.219" /></testsuite></testsuites>