<?xml version="1.0" encoding="utf-8"?><testsuites name="pytest tests"><testsuite name="pytest" errors="0" failures="0" skipped="0" tests="12" time="2.860" timestamp="2026-04-10T10:04:46.387144+00:00" hostname="agent-env-42804efe-ff2b-4bc3-945a-63870ee91616"><testcase classname="backend.tests.test_iteration50_category_colors.TestCategoryColorsIteration50" name="test_appointments_have_category_in_services" time="0.442" /><testcase classname="backend.tests.test_iteration50_category_colors.TestCategoryColorsIteration50" name="test_repair_categories_endpoint" time="0.443" /><testcase classname="backend.tests.test_iteration50_category_colors.TestCategoryColorsIteration50" name="test_all_categories_have_distinct_colors" time="0.328" /><testcase classname="backend.tests.test_iteration50_category_colors.TestCategoryColorsIteration50" name="test_services_have_valid_categories" time="0.429" /><testcase classname="backend.tests.test_iteration50_category_colors.TestCategoryColorsIteration50" name="test_appointment_creation_includes_category" time="0.728" /><testcase classname="backend.tests.test_iteration50_category_colors.TestCategoryColorsIteration50" name="test_category_enrichment_on_get" time="0.437" /><testcase classname="backend.tests.test_iteration50_category_colors.TestCategoryColorMapping" name="test_taglio_color" time="0.000" /><testcase classname="backend.tests.test_iteration50_category_colors.TestCategoryColorMapping" name="test_piega_color" time="0.000" /><testcase classname="backend.tests.test_iteration50_category_colors.TestCategoryColorMapping" name="test_colore_color" time="0.000" /><testcase classname="backend.tests.test_iteration50_category_colors.TestCategoryColorMapping" name="test_trattamento_color" time="0.000" /><testcase classname="backend.tests.test_iteration50_category_colors.TestCategoryColorMapping" name="test_permanente_color" time="0.000" /><testcase classname="backend.tests.test_iteration50_category_colors.TestCategoryColorMapping" name="test_stiratura_color" time="0.000" /></testsuite></testsuites>