<?xml version="1.0" encoding="utf-8"?><testsuites name="pytest tests"><testsuite name="pytest" errors="0" failures="1" skipped="0" tests="10" time="3.663" timestamp="2026-04-01T06:52:36.947662+00:00" hostname="agent-env-42804efe-ff2b-4bc3-945a-63870ee91616"><testcase classname="tests.test_sospesi_checkout.TestAuth" name="test_login_success" time="0.385" /><testcase classname="tests.test_sospesi_checkout.TestSospesiAPI" name="test_get_client_sospesi_empty" time="0.575" /><testcase classname="tests.test_sospesi_checkout.TestSospesiAPI" name="test_get_sospesi_invalid_client" time="0.099" /><testcase classname="tests.test_sospesi_checkout.TestSospesiAPI" name="test_settle_sospeso_not_found" time="0.104" /><testcase classname="tests.test_sospesi_checkout.TestCheckoutWithSospeso" name="test_checkout_with_cash" time="0.944" /><testcase classname="tests.test_sospesi_checkout.TestCheckoutWithSospeso" name="test_checkout_with_pos" time="0.379" /><testcase classname="tests.test_sospesi_checkout.TestCheckoutWithSospeso" name="test_checkout_with_sospeso_creates_record" time="0.759" /><testcase classname="tests.test_sospesi_checkout.TestPublicBookingAPI" name="test_public_website_loads" time="0.106" /><testcase classname="tests.test_sospesi_checkout.TestPublicBookingAPI" name="test_public_services" time="0.096" /><testcase classname="tests.test_sospesi_checkout.TestPublicBookingAPI" name="test_public_promotions" time="0.134"><failure message="AssertionError: Public promotions failed: {&quot;detail&quot;:&quot;Not Found&quot;}&#10;assert 404 == 200&#10; +  where 404 = &lt;Response [404]&gt;.status_code">tests/test_sospesi_checkout.py:351: in test_public_promotions
    assert response.status_code == 200, f"Public promotions failed: {response.text}"
E   AssertionError: Public promotions failed: {"detail":"Not Found"}
E   assert 404 == 200
E    +  where 404 = &lt;Response [404]&gt;.status_code</failure></testcase></testsuite></testsuites>