<?xml version="1.0" encoding="utf-8"?><testsuites name="pytest tests"><testsuite name="pytest" errors="0" failures="0" skipped="0" tests="9" time="2.583" timestamp="2026-03-26T17:24:57.861061+00:00" hostname="agent-env-8122f567-6c81-4bfc-905f-72ddc53df588"><testcase classname="backend.tests.test_hero_admin_theme_iteration29.TestAuthAndSettings" name="test_01_login_success" time="0.451" /><testcase classname="backend.tests.test_hero_admin_theme_iteration29.TestAuthAndSettings" name="test_02_get_settings_returns_admin_theme" time="0.132" /><testcase classname="backend.tests.test_hero_admin_theme_iteration29.TestAuthAndSettings" name="test_03_put_admin_theme_saves_successfully" time="0.209" /><testcase classname="backend.tests.test_hero_admin_theme_iteration29.TestAuthAndSettings" name="test_04_verify_theme_persisted" time="0.125" /><testcase classname="backend.tests.test_hero_admin_theme_iteration29.TestAuthAndSettings" name="test_05_reset_to_rosa_classico" time="0.111" /><testcase classname="backend.tests.test_hero_admin_theme_iteration29.TestPublicWebsiteAPI" name="test_01_public_website_includes_hero_image" time="0.138" /><testcase classname="backend.tests.test_hero_admin_theme_iteration29.TestWebsiteConfigAPI" name="test_01_get_website_config_has_hero_fields" time="0.497" /><testcase classname="backend.tests.test_hero_admin_theme_iteration29.TestWebsiteConfigAPI" name="test_02_update_hero_slogan" time="0.354" /><testcase classname="backend.tests.test_hero_admin_theme_iteration29.TestUploadEndpoint" name="test_01_upload_endpoint_exists" time="0.504" /></testsuite></testsuites>