<?xml version="1.0" encoding="utf-8"?><testsuites name="pytest tests"><testsuite name="pytest" errors="0" failures="0" skipped="0" tests="12" time="7.324" timestamp="2026-03-19T13:42:04.569651+00:00" hostname="agent-env-c56d0c93-5b06-4384-b777-3721ba398b54"><testcase classname="backend.tests.test_iteration11_admin_theme.TestAdminThemeAPI" name="test_login_success" time="0.858" /><testcase classname="backend.tests.test_iteration11_admin_theme.TestAdminThemeAPI" name="test_admin_theme_get_requires_auth" time="0.708" /><testcase classname="backend.tests.test_iteration11_admin_theme.TestAdminThemeAPI" name="test_admin_theme_put_requires_auth" time="0.542" /><testcase classname="backend.tests.test_iteration11_admin_theme.TestAdminThemeAPI" name="test_admin_theme_get_with_auth" time="0.571" /><testcase classname="backend.tests.test_iteration11_admin_theme.TestAdminThemeAPI" name="test_admin_theme_put_primary_color" time="0.693" /><testcase classname="backend.tests.test_iteration11_admin_theme.TestAdminThemeAPI" name="test_admin_theme_put_full_config" time="0.755" /><testcase classname="backend.tests.test_iteration11_admin_theme.TestAdminThemeAPI" name="test_admin_theme_reset_to_default" time="0.694" /><testcase classname="backend.tests.test_iteration11_admin_theme.TestSettingsAPI" name="test_get_settings" time="0.527" /><testcase classname="backend.tests.test_iteration11_admin_theme.TestOtherProtectedEndpoints" name="test_get_clients" time="0.548" /><testcase classname="backend.tests.test_iteration11_admin_theme.TestOtherProtectedEndpoints" name="test_get_services" time="0.454" /><testcase classname="backend.tests.test_iteration11_admin_theme.TestOtherProtectedEndpoints" name="test_get_operators" time="0.449" /><testcase classname="backend.tests.test_iteration11_admin_theme.TestOtherProtectedEndpoints" name="test_get_nav_config" time="0.452" /></testsuite></testsuites>