<?xml version="1.0" encoding="utf-8"?><testsuites name="pytest tests"><testsuite name="pytest" errors="0" failures="0" skipped="0" tests="15" time="3.927" timestamp="2026-03-16T10:38:33.380166+00:00" hostname="agent-env-d0cee7ff-bd21-492a-a698-005f04ba2c28"><testcase classname="backend.tests.test_iteration3_features.TestPublicAPI" name="test_public_website_returns_data" time="0.294" /><testcase classname="backend.tests.test_iteration3_features.TestPublicAPI" name="test_public_services_returns_21_services" time="0.126" /><testcase classname="backend.tests.test_iteration3_features.TestPublicAPI" name="test_public_promotions_returns_7_promos" time="0.109" /><testcase classname="backend.tests.test_iteration3_features.TestPublicAPI" name="test_public_operators_endpoint" time="0.146" /><testcase classname="backend.tests.test_iteration3_features.TestSMSRemoval" name="test_sms_send_reminder_not_found" time="0.120" /><testcase classname="backend.tests.test_iteration3_features.TestSMSRemoval" name="test_sms_status_not_found" time="0.113" /><testcase classname="backend.tests.test_iteration3_features.TestAuthEndpoints" name="test_login_success" time="0.343" /><testcase classname="backend.tests.test_iteration3_features.TestAuthEndpoints" name="test_whatsapp_generate_link_requires_auth" time="0.098" /><testcase classname="backend.tests.test_iteration3_features.TestAuthEndpoints" name="test_whatsapp_generate_link_with_auth" time="0.429" /><testcase classname="backend.tests.test_iteration3_features.TestAuthEndpoints" name="test_reminders_auto_check_requires_auth" time="0.102" /><testcase classname="backend.tests.test_iteration3_features.TestAuthEndpoints" name="test_reminders_auto_check_with_auth" time="0.428" /><testcase classname="backend.tests.test_iteration3_features.TestAuthEndpoints" name="test_reminders_templates_with_auth" time="0.445" /><testcase classname="backend.tests.test_iteration3_features.TestAuthEndpoints" name="test_reminders_tomorrow_with_auth" time="0.473" /><testcase classname="backend.tests.test_iteration3_features.TestAuthEndpoints" name="test_reminders_inactive_clients_with_auth" time="0.487" /><testcase classname="backend.tests.test_iteration3_features.TestVideoRangeRequest" name="test_video_file_endpoint_exists" time="0.145" /></testsuite></testsuites>