<?xml version="1.0" encoding="utf-8"?><testsuites name="pytest tests"><testsuite name="pytest" errors="0" failures="0" skipped="4" tests="15" time="1.490" timestamp="2026-03-25T10:24:53.997407+00:00" hostname="agent-env-7a4785a3-bff0-4812-be5d-d3d5791c633d"><testcase classname="backend.tests.test_iteration25_my_appointments.TestPublicSiteLoads" name="test_public_site_returns_200" time="0.168" /><testcase classname="backend.tests.test_iteration25_my_appointments.TestPublicSiteLoads" name="test_public_website_api_returns_config" time="0.051" /><testcase classname="backend.tests.test_iteration25_my_appointments.TestMyAppointmentsAPI" name="test_my_appointments_nonexistent_phone" time="0.047" /><testcase classname="backend.tests.test_iteration25_my_appointments.TestMyAppointmentsAPI" name="test_my_appointments_structure" time="0.046" /><testcase classname="backend.tests.test_iteration25_my_appointments.TestMyAppointmentsAPI" name="test_my_appointments_with_created_booking" time="0.096"><skipped type="pytest.skip" message="Could not create booking: 409">/app/backend/tests/test_iteration25_my_appointments.py:126: Could not create booking: 409</skipped></testcase><testcase classname="backend.tests.test_iteration25_my_appointments.TestBookingConflictResolution" name="test_get_public_services" time="0.049" /><testcase classname="backend.tests.test_iteration25_my_appointments.TestBookingConflictResolution" name="test_get_public_operators" time="0.044" /><testcase classname="backend.tests.test_iteration25_my_appointments.TestBookingConflictResolution" name="test_booking_success_creates_appointment" time="0.091" /><testcase classname="backend.tests.test_iteration25_my_appointments.TestBookingConflictResolution" name="test_booking_conflict_returns_409_with_alternatives" time="0.186" /><testcase classname="backend.tests.test_iteration25_my_appointments.TestAppointmentModifyCancel" name="test_create_and_lookup_appointment" time="0.089"><skipped type="pytest.skip" message="Could not create booking: 409">/app/backend/tests/test_iteration25_my_appointments.py:287: Could not create booking: 409</skipped></testcase><testcase classname="backend.tests.test_iteration25_my_appointments.TestAppointmentModifyCancel" name="test_modify_appointment" time="0.141" /><testcase classname="backend.tests.test_iteration25_my_appointments.TestAppointmentModifyCancel" name="test_modify_appointment_wrong_phone" time="0.091"><skipped type="pytest.skip" message="Could not create booking: 409">/app/backend/tests/test_iteration25_my_appointments.py:375: Could not create booking: 409</skipped></testcase><testcase classname="backend.tests.test_iteration25_my_appointments.TestAppointmentModifyCancel" name="test_cancel_appointment" time="0.182" /><testcase classname="backend.tests.test_iteration25_my_appointments.TestAppointmentModifyCancel" name="test_cancel_appointment_wrong_phone" time="0.095"><skipped type="pytest.skip" message="Could not create booking: 409">/app/backend/tests/test_iteration25_my_appointments.py:455: Could not create booking: 409</skipped></testcase><testcase classname="backend.tests.test_iteration25_my_appointments.TestSectionReordering" name="test_public_website_has_section_order" time="0.046" /></testsuite></testsuites>