<?xml version="1.0" encoding="utf-8"?><testsuites name="pytest tests"><testsuite name="pytest" errors="0" failures="0" skipped="0" tests="15" time="5.422" timestamp="2026-03-23T14:06:10.634727+00:00" hostname="agent-env-5a4a923d-5458-4095-8549-6deeaf71bcf4"><testcase classname="backend.tests.test_iteration23.TestPublicAPIs" name="test_public_website_returns_config" time="0.168" /><testcase classname="backend.tests.test_iteration23.TestPublicAPIs" name="test_public_services_returns_list" time="0.154" /><testcase classname="backend.tests.test_iteration23.TestPublicAPIs" name="test_public_operators_returns_list" time="0.128" /><testcase classname="backend.tests.test_iteration23.TestPublicAPIs" name="test_vapid_key_endpoint" time="0.101" /><testcase classname="backend.tests.test_iteration23.TestAuthentication" name="test_admin_login_success" time="0.362" /><testcase classname="backend.tests.test_iteration23.TestAuthentication" name="test_admin_login_wrong_password" time="0.341" /><testcase classname="backend.tests.test_iteration23.TestAuthentication" name="test_auth_me_with_token" time="0.458" /><testcase classname="backend.tests.test_iteration23.TestAdminEndpoints" name="test_get_appointments" time="0.440" /><testcase classname="backend.tests.test_iteration23.TestAdminEndpoints" name="test_get_appointments_weekly" time="0.723" /><testcase classname="backend.tests.test_iteration23.TestAdminEndpoints" name="test_get_operators" time="0.457" /><testcase classname="backend.tests.test_iteration23.TestAdminEndpoints" name="test_get_services" time="0.468" /><testcase classname="backend.tests.test_iteration23.TestAdminEndpoints" name="test_get_clients" time="0.482" /><testcase classname="backend.tests.test_iteration23.TestBookingConflict" name="test_booking_conflict_returns_409_with_alternatives" time="0.471" /><testcase classname="backend.tests.test_iteration23.TestCardTemplates" name="test_card_templates_structure" time="0.116" /><testcase classname="backend.tests.test_iteration23.TestWebsiteConfig" name="test_get_website_config" time="0.478" /></testsuite></testsuites>