<?xml version="1.0" encoding="utf-8"?><testsuites name="pytest tests"><testsuite name="pytest" errors="0" failures="0" skipped="0" tests="8" time="5.904" timestamp="2026-03-26T16:46:34.099523+00:00" hostname="agent-env-8122f567-6c81-4bfc-905f-72ddc53df588"><testcase classname="backend.tests.test_whatsapp_reminders_iteration28.TestAuthentication" name="test_login_success" time="0.384" /><testcase classname="backend.tests.test_whatsapp_reminders_iteration28.TestDashboardStats" name="test_dashboard_stats_returns_yearly_data" time="0.465" /><testcase classname="backend.tests.test_whatsapp_reminders_iteration28.TestRemindersEndpoints" name="test_get_tomorrow_reminders" time="0.428" /><testcase classname="backend.tests.test_whatsapp_reminders_iteration28.TestRemindersEndpoints" name="test_get_color_expiry_reminders" time="0.545" /><testcase classname="backend.tests.test_whatsapp_reminders_iteration28.TestRemindersEndpoints" name="test_get_inactive_clients" time="0.517" /><testcase classname="backend.tests.test_whatsapp_reminders_iteration28.TestMessageTemplates" name="test_get_templates_includes_color_expiry" time="1.434" /><testcase classname="backend.tests.test_whatsapp_reminders_iteration28.TestMessageTemplates" name="test_create_color_expiry_template" time="1.589" /><testcase classname="backend.tests.test_whatsapp_reminders_iteration28.TestAutoCheckEndpoint" name="test_auto_check_returns_pending_info" time="0.473" /></testsuite></testsuites>