<?xml version="1.0" encoding="utf-8"?><testsuites name="pytest tests"><testsuite name="pytest" errors="0" failures="0" skipped="0" tests="13" time="2.244" timestamp="2026-03-21T17:09:43.348186+00:00" hostname="agent-env-95beb79f-2dc8-4664-a561-e9771f1c5c2f"><testcase classname="backend.tests.test_push_and_booking.TestPushNotificationEndpoints" name="test_get_vapid_key" time="0.140" /><testcase classname="backend.tests.test_push_and_booking.TestPushNotificationEndpoints" name="test_subscribe_push" time="0.111" /><testcase classname="backend.tests.test_push_and_booking.TestPushNotificationEndpoints" name="test_subscribe_push_duplicate" time="0.126" /><testcase classname="backend.tests.test_push_and_booking.TestPushNotificationEndpoints" name="test_send_reminders" time="0.198" /><testcase classname="backend.tests.test_push_and_booking.TestPushNotificationEndpoints" name="test_unsubscribe_push" time="0.127" /><testcase classname="backend.tests.test_push_and_booking.TestCardTemplatesInPublicBooking" name="test_website_returns_card_templates" time="0.104" /><testcase classname="backend.tests.test_push_and_booking.TestCardTemplatesInPublicBooking" name="test_card_templates_count" time="0.100" /><testcase classname="backend.tests.test_push_and_booking.TestCardTemplatesInPublicBooking" name="test_card_templates_have_prices" time="0.111" /><testcase classname="backend.tests.test_push_and_booking.TestCardTemplatesInPublicBooking" name="test_card_templates_have_required_fields" time="0.108" /><testcase classname="backend.tests.test_push_and_booking.TestServicesOrder" name="test_services_sorted_by_sort_order" time="0.102" /><testcase classname="backend.tests.test_push_and_booking.TestServicesOrder" name="test_services_count" time="0.105" /><testcase classname="backend.tests.test_push_and_booking.TestAdminPlanningPage" name="test_appointments_endpoint" time="0.438" /><testcase classname="backend.tests.test_push_and_booking.TestAdminPlanningPage" name="test_operators_endpoint" time="0.416" /></testsuite></testsuites>