<?xml version="1.0" encoding="utf-8"?><testsuites name="pytest tests"><testsuite name="pytest" errors="0" failures="0" skipped="0" tests="8" time="1.976" timestamp="2026-03-27T10:01:20.070393+00:00" hostname="agent-env-42804efe-ff2b-4bc3-945a-63870ee91616"><testcase classname="backend.tests.test_iteration31_bug_fixes.TestUpsellingApiFix" name="test_public_services_returns_data" time="0.169" /><testcase classname="backend.tests.test_iteration31_bug_fixes.TestUpsellingApiFix" name="test_upselling_returns_suggestions" time="0.251" /><testcase classname="backend.tests.test_iteration31_bug_fixes.TestPublicPromotionsAndCards" name="test_public_promotions_all_endpoint" time="0.138" /><testcase classname="backend.tests.test_iteration31_bug_fixes.TestPublicPromotionsAndCards" name="test_public_website_includes_card_templates" time="0.117" /><testcase classname="backend.tests.test_iteration31_bug_fixes.TestAuthenticatedPromotionsAndCards" name="test_promotions_endpoint" time="0.498" /><testcase classname="backend.tests.test_iteration31_bug_fixes.TestAuthenticatedPromotionsAndCards" name="test_card_templates_endpoint" time="0.469" /><testcase classname="backend.tests.test_iteration31_bug_fixes.TestServiceCategories" name="test_services_have_categories" time="0.132" /><testcase classname="backend.tests.test_iteration31_bug_fixes.TestPublicWebsiteConfig" name="test_website_config_has_service_categories" time="0.138" /></testsuite></testsuites>